C:\wamp64\www\afyaplus\.htaccess
C:\wamp64\www\afyaplus\api\.htaccess
C:\wamp64\www\afyaplus\api\index.php
C:\wamp64\www\afyaplus\composer.json
C:\wamp64\www\afyaplus\controllers\ApiController.php
C:\wamp64\www\afyaplus\controllers\AppointmentsController.php
C:\wamp64\www\afyaplus\controllers\AppointmentsReport2Controller.php
C:\wamp64\www\afyaplus\controllers\AppointmentsReportController.php
C:\wamp64\www\afyaplus\controllers\BrandingController.php
C:\wamp64\www\afyaplus\controllers\CashPaymentsController.php
C:\wamp64\www\afyaplus\controllers\CashPaymentsReportController.php
C:\wamp64\www\afyaplus\controllers\ControllerBase.php
C:\wamp64\www\afyaplus\controllers\DepartmentsController.php
C:\wamp64\www\afyaplus\controllers\DesignationsController.php
C:\wamp64\www\afyaplus\controllers\DiagnosisController.php
C:\wamp64\www\afyaplus\controllers\DiseasesController.php
C:\wamp64\www\afyaplus\controllers\DoctorChargesController.php
C:\wamp64\www\afyaplus\controllers\DoctorNotesController.php
C:\wamp64\www\afyaplus\controllers\DoctorOverviewController.php
C:\wamp64\www\afyaplus\controllers\ExpensesController.php
C:\wamp64\www\afyaplus\controllers\ExpensesReport2Controller.php
C:\wamp64\www\afyaplus\controllers\ExpensesReportController.php
C:\wamp64\www\afyaplus\controllers\ExportlogController.php
C:\wamp64\www\afyaplus\controllers\FacilityOverviewController.php
C:\wamp64\www\afyaplus\controllers\FinancialsOverviewController.php
C:\wamp64\www\afyaplus\controllers\FrontOfficeOverviewController.php
C:\wamp64\www\afyaplus\controllers\IncomeController.php
C:\wamp64\www\afyaplus\controllers\IncomeReport2Controller.php
C:\wamp64\www\afyaplus\controllers\IncomeReportController.php
C:\wamp64\www\afyaplus\controllers\InvoiceDetailsController.php
C:\wamp64\www\afyaplus\controllers\InvoiceReportController.php
C:\wamp64\www\afyaplus\controllers\InvoiceReportDetailsController.php
C:\wamp64\www\afyaplus\controllers\InvoiceReportsController.php
C:\wamp64\www\afyaplus\controllers\InvoicesController.php
C:\wamp64\www\afyaplus\controllers\IpdPatientsController.php
C:\wamp64\www\afyaplus\controllers\LabTestReportsController.php
C:\wamp64\www\afyaplus\controllers\LabTestRequestsController.php
C:\wamp64\www\afyaplus\controllers\LabTestRequestsDetailsController.php
C:\wamp64\www\afyaplus\controllers\LaboratoryBillingReportController.php
C:\wamp64\www\afyaplus\controllers\LaboratoryBillingReportDetailsController.php
C:\wamp64\www\afyaplus\controllers\LaboratoryMinorReportController.php
C:\wamp64\www\afyaplus\controllers\LaboratoryOverviewController.php
C:\wamp64\www\afyaplus\controllers\LaboratoryReports2Controller.php
C:\wamp64\www\afyaplus\controllers\LaboratoryReportsController.php
C:\wamp64\www\afyaplus\controllers\MedicalSchemesController.php
C:\wamp64\www\afyaplus\controllers\MedicineBrandsController.php
C:\wamp64\www\afyaplus\controllers\MedicineCategoriesController.php
C:\wamp64\www\afyaplus\controllers\MedicineDispensationController.php
C:\wamp64\www\afyaplus\controllers\MedicineDispensationDetailsController.php
C:\wamp64\www\afyaplus\controllers\MedicineStockController.php
C:\wamp64\www\afyaplus\controllers\MedicineStockDataController.php
C:\wamp64\www\afyaplus\controllers\MedicineStockReport2Controller.php
C:\wamp64\www\afyaplus\controllers\MedicineStockReportController.php
C:\wamp64\www\afyaplus\controllers\MedicineSuppliersController.php
C:\wamp64\www\afyaplus\controllers\ModulesController.php
C:\wamp64\www\afyaplus\controllers\Moh204aReportController.php
C:\wamp64\www\afyaplus\controllers\Moh204bReportController.php
C:\wamp64\www\afyaplus\controllers\OthersController.php
C:\wamp64\www\afyaplus\controllers\PatientAppointmentsController.php
C:\wamp64\www\afyaplus\controllers\PatientQueueController.php
C:\wamp64\www\afyaplus\controllers\PatientVaccinationsController.php
C:\wamp64\www\afyaplus\controllers\PatientVisitsController.php
C:\wamp64\www\afyaplus\controllers\PatientVitalsController.php
C:\wamp64\www\afyaplus\controllers\PatientsController.php
C:\wamp64\www\afyaplus\controllers\PatientsDataViewController.php
C:\wamp64\www\afyaplus\controllers\PatientsDependantsController.php
C:\wamp64\www\afyaplus\controllers\PatientsLabReportController.php
C:\wamp64\www\afyaplus\controllers\PatientsRadiologyReportsController.php
C:\wamp64\www\afyaplus\controllers\PatientsRadiologyReportsDetailsController.php
C:\wamp64\www\afyaplus\controllers\PaymentMethodsController.php
C:\wamp64\www\afyaplus\controllers\PharmacyBillingReportController.php
C:\wamp64\www\afyaplus\controllers\PharmacyBillingReportDetailsController.php
C:\wamp64\www\afyaplus\controllers\PharmacyOverviewController.php
C:\wamp64\www\afyaplus\controllers\PrescriptionDetailsController.php
C:\wamp64\www\afyaplus\controllers\PrescriptionsController.php
C:\wamp64\www\afyaplus\controllers\RadiologyBillingReportController.php
C:\wamp64\www\afyaplus\controllers\RadiologyBillingReportDetailsController.php
C:\wamp64\www\afyaplus\controllers\RadiologyOverviewController.php
C:\wamp64\www\afyaplus\controllers\RadiologyReport2Controller.php
C:\wamp64\www\afyaplus\controllers\RadiologyReportController.php
C:\wamp64\www\afyaplus\controllers\RadiologyReportsController.php
C:\wamp64\www\afyaplus\controllers\RadiologyRequestsController.php
C:\wamp64\www\afyaplus\controllers\RadiologyRequestsDetailsController.php
C:\wamp64\www\afyaplus\controllers\RegisteredPatientsController.php
C:\wamp64\www\afyaplus\controllers\RegisteredPatientsReportController.php
C:\wamp64\www\afyaplus\controllers\ServiceCategoriesController.php
C:\wamp64\www\afyaplus\controllers\ServiceChargesController.php
C:\wamp64\www\afyaplus\controllers\ServiceSubcategoriesController.php
C:\wamp64\www\afyaplus\controllers\SubscriptionsController.php
C:\wamp64\www\afyaplus\controllers\TriageOverviewController.php
C:\wamp64\www\afyaplus\controllers\UsersController.php
C:\wamp64\www\afyaplus\controllers\VaccinationsReport3Controller.php
C:\wamp64\www\afyaplus\controllers\VaccinationsReportController.php
C:\wamp64\www\afyaplus\controllers\Vaccinationsreport2Controller.php
C:\wamp64\www\afyaplus\controllers\VisitTypesController.php
C:\wamp64\www\afyaplus\controllers\VisitsReport1Controller.php
C:\wamp64\www\afyaplus\controllers\VisitsReportController.php
C:\wamp64\www\afyaplus\controllers\VitalsreportController.php
C:\wamp64\www\afyaplus\css\afyaplus.scss
C:\wamp64\www\afyaplus\css\ewpdf.scss
C:\wamp64\www\afyaplus\css\query-builder.scss
C:\wamp64\www\afyaplus\css\tabulator_bootstrap5.scss
C:\wamp64\www\afyaplus\css\tempus-dominus.scss
C:\wamp64\www\afyaplus\files\index.html
C:\wamp64\www\afyaplus\index.php
C:\wamp64\www\afyaplus\js\eweditor.js
C:\wamp64\www\afyaplus\js\userevent.js
C:\wamp64\www\afyaplus\js\userfn.js
C:\wamp64\www\afyaplus\log\index.html
C:\wamp64\www\afyaplus\models\Appointments.php
C:\wamp64\www\afyaplus\models\AppointmentsAdd.php
C:\wamp64\www\afyaplus\models\AppointmentsCalendar.php
C:\wamp64\www\afyaplus\models\AppointmentsDelete.php
C:\wamp64\www\afyaplus\models\AppointmentsEdit.php
C:\wamp64\www\afyaplus\models\AppointmentsReport.php
C:\wamp64\www\afyaplus\models\AppointmentsReport2.php
C:\wamp64\www\afyaplus\models\AppointmentsReport2List.php
C:\wamp64\www\afyaplus\models\AppointmentsReportSummary.php
C:\wamp64\www\afyaplus\models\AppointmentsView.php
C:\wamp64\www\afyaplus\models\Branding.php
C:\wamp64\www\afyaplus\models\BrandingDelete.php
C:\wamp64\www\afyaplus\models\BrandingEdit.php
C:\wamp64\www\afyaplus\models\BrandingList.php
C:\wamp64\www\afyaplus\models\BrandingView.php
C:\wamp64\www\afyaplus\models\CashPayments.php
C:\wamp64\www\afyaplus\models\CashPaymentsAdd.php
C:\wamp64\www\afyaplus\models\CashPaymentsDelete.php
C:\wamp64\www\afyaplus\models\CashPaymentsEdit.php
C:\wamp64\www\afyaplus\models\CashPaymentsGrid.php
C:\wamp64\www\afyaplus\models\CashPaymentsList.php
C:\wamp64\www\afyaplus\models\CashPaymentsReport.php
C:\wamp64\www\afyaplus\models\CashPaymentsReportList.php
C:\wamp64\www\afyaplus\models\CashPaymentsView.php
C:\wamp64\www\afyaplus\models\ChangePassword.php
C:\wamp64\www\afyaplus\models\Departments.php
C:\wamp64\www\afyaplus\models\DepartmentsAdd.php
C:\wamp64\www\afyaplus\models\DepartmentsDelete.php
C:\wamp64\www\afyaplus\models\DepartmentsEdit.php
C:\wamp64\www\afyaplus\models\DepartmentsList.php
C:\wamp64\www\afyaplus\models\DepartmentsView.php
C:\wamp64\www\afyaplus\models\Designations.php
C:\wamp64\www\afyaplus\models\DesignationsAdd.php
C:\wamp64\www\afyaplus\models\DesignationsDelete.php
C:\wamp64\www\afyaplus\models\DesignationsEdit.php
C:\wamp64\www\afyaplus\models\DesignationsList.php
C:\wamp64\www\afyaplus\models\DesignationsView.php
C:\wamp64\www\afyaplus\models\Diagnosis.php
C:\wamp64\www\afyaplus\models\DiagnosisAdd.php
C:\wamp64\www\afyaplus\models\DiagnosisDelete.php
C:\wamp64\www\afyaplus\models\DiagnosisEdit.php
C:\wamp64\www\afyaplus\models\DiagnosisList.php
C:\wamp64\www\afyaplus\models\DiagnosisView.php
C:\wamp64\www\afyaplus\models\Diseases.php
C:\wamp64\www\afyaplus\models\DiseasesDelete.php
C:\wamp64\www\afyaplus\models\DiseasesEdit.php
C:\wamp64\www\afyaplus\models\DiseasesList.php
C:\wamp64\www\afyaplus\models\DiseasesView.php
C:\wamp64\www\afyaplus\models\DoctorCharges.php
C:\wamp64\www\afyaplus\models\DoctorChargesAdd.php
C:\wamp64\www\afyaplus\models\DoctorChargesDelete.php
C:\wamp64\www\afyaplus\models\DoctorChargesEdit.php
C:\wamp64\www\afyaplus\models\DoctorChargesList.php
C:\wamp64\www\afyaplus\models\DoctorChargesView.php
C:\wamp64\www\afyaplus\models\DoctorNotes.php
C:\wamp64\www\afyaplus\models\DoctorNotesAdd.php
C:\wamp64\www\afyaplus\models\DoctorNotesDelete.php
C:\wamp64\www\afyaplus\models\DoctorNotesEdit.php
C:\wamp64\www\afyaplus\models\DoctorNotesGrid.php
C:\wamp64\www\afyaplus\models\DoctorNotesList.php
C:\wamp64\www\afyaplus\models\DoctorNotesView.php
C:\wamp64\www\afyaplus\models\DoctorOverview.php
C:\wamp64\www\afyaplus\models\Expenses.php
C:\wamp64\www\afyaplus\models\ExpensesAdd.php
C:\wamp64\www\afyaplus\models\ExpensesDelete.php
C:\wamp64\www\afyaplus\models\ExpensesEdit.php
C:\wamp64\www\afyaplus\models\ExpensesList.php
C:\wamp64\www\afyaplus\models\ExpensesReport.php
C:\wamp64\www\afyaplus\models\ExpensesReport2.php
C:\wamp64\www\afyaplus\models\ExpensesReport2List.php
C:\wamp64\www\afyaplus\models\ExpensesReportSummary.php
C:\wamp64\www\afyaplus\models\ExpensesView.php
C:\wamp64\www\afyaplus\models\Exportlog.php
C:\wamp64\www\afyaplus\models\ExportlogDelete.php
C:\wamp64\www\afyaplus\models\ExportlogEdit.php
C:\wamp64\www\afyaplus\models\ExportlogList.php
C:\wamp64\www\afyaplus\models\ExportlogView.php
C:\wamp64\www\afyaplus\models\FacilityOverview.php
C:\wamp64\www\afyaplus\models\FinancialsOverview.php
C:\wamp64\www\afyaplus\models\FrontOfficeOverview.php
C:\wamp64\www\afyaplus\models\Income.php
C:\wamp64\www\afyaplus\models\IncomeAdd.php
C:\wamp64\www\afyaplus\models\IncomeDelete.php
C:\wamp64\www\afyaplus\models\IncomeEdit.php
C:\wamp64\www\afyaplus\models\IncomeList.php
C:\wamp64\www\afyaplus\models\IncomeReport.php
C:\wamp64\www\afyaplus\models\IncomeReport2.php
C:\wamp64\www\afyaplus\models\IncomeReport2List.php
C:\wamp64\www\afyaplus\models\IncomeReportSummary.php
C:\wamp64\www\afyaplus\models\IncomeView.php
C:\wamp64\www\afyaplus\models\InvoiceDetails.php
C:\wamp64\www\afyaplus\models\InvoiceDetailsAdd.php
C:\wamp64\www\afyaplus\models\InvoiceDetailsDelete.php
C:\wamp64\www\afyaplus\models\InvoiceDetailsEdit.php
C:\wamp64\www\afyaplus\models\InvoiceDetailsGrid.php
C:\wamp64\www\afyaplus\models\InvoiceDetailsList.php
C:\wamp64\www\afyaplus\models\InvoiceDetailsView.php
C:\wamp64\www\afyaplus\models\InvoiceReport.php
C:\wamp64\www\afyaplus\models\InvoiceReportDetails.php
C:\wamp64\www\afyaplus\models\InvoiceReportDetailsGrid.php
C:\wamp64\www\afyaplus\models\InvoiceReportDetailsList.php
C:\wamp64\www\afyaplus\models\InvoiceReportList.php
C:\wamp64\www\afyaplus\models\InvoiceReportView.php
C:\wamp64\www\afyaplus\models\InvoiceReports.php
C:\wamp64\www\afyaplus\models\InvoiceReportsList.php
C:\wamp64\www\afyaplus\models\Invoices.php
C:\wamp64\www\afyaplus\models\InvoicesAdd.php
C:\wamp64\www\afyaplus\models\InvoicesDelete.php
C:\wamp64\www\afyaplus\models\InvoicesEdit.php
C:\wamp64\www\afyaplus\models\InvoicesGrid.php
C:\wamp64\www\afyaplus\models\InvoicesList.php
C:\wamp64\www\afyaplus\models\InvoicesView.php
C:\wamp64\www\afyaplus\models\IpdPatients.php
C:\wamp64\www\afyaplus\models\IpdPatientsEdit.php
C:\wamp64\www\afyaplus\models\IpdPatientsList.php
C:\wamp64\www\afyaplus\models\LabTestReports.php
C:\wamp64\www\afyaplus\models\LabTestReportsAdd.php
C:\wamp64\www\afyaplus\models\LabTestReportsDelete.php
C:\wamp64\www\afyaplus\models\LabTestReportsEdit.php
C:\wamp64\www\afyaplus\models\LabTestReportsList.php
C:\wamp64\www\afyaplus\models\LabTestReportsView.php
C:\wamp64\www\afyaplus\models\LabTestRequests.php
C:\wamp64\www\afyaplus\models\LabTestRequestsAdd.php
C:\wamp64\www\afyaplus\models\LabTestRequestsDelete.php
C:\wamp64\www\afyaplus\models\LabTestRequestsDetails.php
C:\wamp64\www\afyaplus\models\LabTestRequestsDetailsAdd.php
C:\wamp64\www\afyaplus\models\LabTestRequestsDetailsDelete.php
C:\wamp64\www\afyaplus\models\LabTestRequestsDetailsEdit.php
C:\wamp64\www\afyaplus\models\LabTestRequestsDetailsGrid.php
C:\wamp64\www\afyaplus\models\LabTestRequestsDetailsList.php
C:\wamp64\www\afyaplus\models\LabTestRequestsDetailsView.php
C:\wamp64\www\afyaplus\models\LabTestRequestsEdit.php
C:\wamp64\www\afyaplus\models\LabTestRequestsGrid.php
C:\wamp64\www\afyaplus\models\LabTestRequestsList.php
C:\wamp64\www\afyaplus\models\LabTestRequestsView.php
C:\wamp64\www\afyaplus\models\LaboratoryBillingReport.php
C:\wamp64\www\afyaplus\models\LaboratoryBillingReportDetails.php
C:\wamp64\www\afyaplus\models\LaboratoryBillingReportDetailsGrid.php
C:\wamp64\www\afyaplus\models\LaboratoryBillingReportDetailsList.php
C:\wamp64\www\afyaplus\models\LaboratoryBillingReportGrid.php
C:\wamp64\www\afyaplus\models\LaboratoryBillingReportList.php
C:\wamp64\www\afyaplus\models\LaboratoryBillingReportSearch.php
C:\wamp64\www\afyaplus\models\LaboratoryBillingReportView.php
C:\wamp64\www\afyaplus\models\LaboratoryMinorReport.php
C:\wamp64\www\afyaplus\models\LaboratoryMinorReportList.php
C:\wamp64\www\afyaplus\models\LaboratoryOverview.php
C:\wamp64\www\afyaplus\models\LaboratoryReports.php
C:\wamp64\www\afyaplus\models\LaboratoryReports2.php
C:\wamp64\www\afyaplus\models\LaboratoryReports2List.php
C:\wamp64\www\afyaplus\models\LaboratoryReportsSummary.php
C:\wamp64\www\afyaplus\models\Login.php
C:\wamp64\www\afyaplus\models\Logout.php
C:\wamp64\www\afyaplus\models\MedicalSchemes.php
C:\wamp64\www\afyaplus\models\MedicalSchemesAdd.php
C:\wamp64\www\afyaplus\models\MedicalSchemesDelete.php
C:\wamp64\www\afyaplus\models\MedicalSchemesEdit.php
C:\wamp64\www\afyaplus\models\MedicalSchemesList.php
C:\wamp64\www\afyaplus\models\MedicalSchemesView.php
C:\wamp64\www\afyaplus\models\MedicineBrands.php
C:\wamp64\www\afyaplus\models\MedicineBrandsAdd.php
C:\wamp64\www\afyaplus\models\MedicineBrandsDelete.php
C:\wamp64\www\afyaplus\models\MedicineBrandsEdit.php
C:\wamp64\www\afyaplus\models\MedicineBrandsList.php
C:\wamp64\www\afyaplus\models\MedicineBrandsView.php
C:\wamp64\www\afyaplus\models\MedicineCategories.php
C:\wamp64\www\afyaplus\models\MedicineCategoriesAdd.php
C:\wamp64\www\afyaplus\models\MedicineCategoriesDelete.php
C:\wamp64\www\afyaplus\models\MedicineCategoriesEdit.php
C:\wamp64\www\afyaplus\models\MedicineCategoriesList.php
C:\wamp64\www\afyaplus\models\MedicineCategoriesView.php
C:\wamp64\www\afyaplus\models\MedicineDispensation.php
C:\wamp64\www\afyaplus\models\MedicineDispensationAdd.php
C:\wamp64\www\afyaplus\models\MedicineDispensationDelete.php
C:\wamp64\www\afyaplus\models\MedicineDispensationDetails.php
C:\wamp64\www\afyaplus\models\MedicineDispensationDetailsAdd.php
C:\wamp64\www\afyaplus\models\MedicineDispensationDetailsDelete.php
C:\wamp64\www\afyaplus\models\MedicineDispensationDetailsEdit.php
C:\wamp64\www\afyaplus\models\MedicineDispensationDetailsGrid.php
C:\wamp64\www\afyaplus\models\MedicineDispensationDetailsList.php
C:\wamp64\www\afyaplus\models\MedicineDispensationDetailsView.php
C:\wamp64\www\afyaplus\models\MedicineDispensationEdit.php
C:\wamp64\www\afyaplus\models\MedicineDispensationGrid.php
C:\wamp64\www\afyaplus\models\MedicineDispensationList.php
C:\wamp64\www\afyaplus\models\MedicineDispensationView.php
C:\wamp64\www\afyaplus\models\MedicineStock.php
C:\wamp64\www\afyaplus\models\MedicineStockAdd.php
C:\wamp64\www\afyaplus\models\MedicineStockData.php
C:\wamp64\www\afyaplus\models\MedicineStockDataList.php
C:\wamp64\www\afyaplus\models\MedicineStockDelete.php
C:\wamp64\www\afyaplus\models\MedicineStockEdit.php
C:\wamp64\www\afyaplus\models\MedicineStockList.php
C:\wamp64\www\afyaplus\models\MedicineStockReport.php
C:\wamp64\www\afyaplus\models\MedicineStockReport2.php
C:\wamp64\www\afyaplus\models\MedicineStockReport2List.php
C:\wamp64\www\afyaplus\models\MedicineStockReportSummary.php
C:\wamp64\www\afyaplus\models\MedicineStockView.php
C:\wamp64\www\afyaplus\models\MedicineSuppliers.php
C:\wamp64\www\afyaplus\models\MedicineSuppliersAdd.php
C:\wamp64\www\afyaplus\models\MedicineSuppliersDelete.php
C:\wamp64\www\afyaplus\models\MedicineSuppliersEdit.php
C:\wamp64\www\afyaplus\models\MedicineSuppliersList.php
C:\wamp64\www\afyaplus\models\MedicineSuppliersView.php
C:\wamp64\www\afyaplus\models\Modules.php
C:\wamp64\www\afyaplus\models\ModulesAdd.php
C:\wamp64\www\afyaplus\models\ModulesDelete.php
C:\wamp64\www\afyaplus\models\ModulesEdit.php
C:\wamp64\www\afyaplus\models\ModulesList.php
C:\wamp64\www\afyaplus\models\ModulesView.php
C:\wamp64\www\afyaplus\models\Moh204aReport.php
C:\wamp64\www\afyaplus\models\Moh204aReportList.php
C:\wamp64\www\afyaplus\models\Moh204bReport.php
C:\wamp64\www\afyaplus\models\Moh204bReportList.php
C:\wamp64\www\afyaplus\models\PatientAppointments.php
C:\wamp64\www\afyaplus\models\PatientAppointmentsAdd.php
C:\wamp64\www\afyaplus\models\PatientAppointmentsDelete.php
C:\wamp64\www\afyaplus\models\PatientAppointmentsEdit.php
C:\wamp64\www\afyaplus\models\PatientAppointmentsGrid.php
C:\wamp64\www\afyaplus\models\PatientAppointmentsList.php
C:\wamp64\www\afyaplus\models\PatientAppointmentsView.php
C:\wamp64\www\afyaplus\models\PatientQueue.php
C:\wamp64\www\afyaplus\models\PatientQueueAdd.php
C:\wamp64\www\afyaplus\models\PatientQueueDelete.php
C:\wamp64\www\afyaplus\models\PatientQueueEdit.php
C:\wamp64\www\afyaplus\models\PatientQueueGrid.php
C:\wamp64\www\afyaplus\models\PatientQueueList.php
C:\wamp64\www\afyaplus\models\PatientQueueView.php
C:\wamp64\www\afyaplus\models\PatientVaccinations.php
C:\wamp64\www\afyaplus\models\PatientVaccinationsAdd.php
C:\wamp64\www\afyaplus\models\PatientVaccinationsDelete.php
C:\wamp64\www\afyaplus\models\PatientVaccinationsEdit.php
C:\wamp64\www\afyaplus\models\PatientVaccinationsGrid.php
C:\wamp64\www\afyaplus\models\PatientVaccinationsList.php
C:\wamp64\www\afyaplus\models\PatientVaccinationsView.php
C:\wamp64\www\afyaplus\models\PatientVisits.php
C:\wamp64\www\afyaplus\models\PatientVisitsAdd.php
C:\wamp64\www\afyaplus\models\PatientVisitsDelete.php
C:\wamp64\www\afyaplus\models\PatientVisitsEdit.php
C:\wamp64\www\afyaplus\models\PatientVisitsGrid.php
C:\wamp64\www\afyaplus\models\PatientVisitsList.php
C:\wamp64\www\afyaplus\models\PatientVisitsSearch.php
C:\wamp64\www\afyaplus\models\PatientVisitsView.php
C:\wamp64\www\afyaplus\models\PatientVitals.php
C:\wamp64\www\afyaplus\models\PatientVitalsAdd.php
C:\wamp64\www\afyaplus\models\PatientVitalsDelete.php
C:\wamp64\www\afyaplus\models\PatientVitalsEdit.php
C:\wamp64\www\afyaplus\models\PatientVitalsGrid.php
C:\wamp64\www\afyaplus\models\PatientVitalsList.php
C:\wamp64\www\afyaplus\models\PatientVitalsView.php
C:\wamp64\www\afyaplus\models\Patients.php
C:\wamp64\www\afyaplus\models\PatientsAdd.php
C:\wamp64\www\afyaplus\models\PatientsDataView.php
C:\wamp64\www\afyaplus\models\PatientsDataViewList.php
C:\wamp64\www\afyaplus\models\PatientsDelete.php
C:\wamp64\www\afyaplus\models\PatientsDependants.php
C:\wamp64\www\afyaplus\models\PatientsDependantsAdd.php
C:\wamp64\www\afyaplus\models\PatientsDependantsDelete.php
C:\wamp64\www\afyaplus\models\PatientsDependantsEdit.php
C:\wamp64\www\afyaplus\models\PatientsDependantsGrid.php
C:\wamp64\www\afyaplus\models\PatientsDependantsList.php
C:\wamp64\www\afyaplus\models\PatientsDependantsView.php
C:\wamp64\www\afyaplus\models\PatientsEdit.php
C:\wamp64\www\afyaplus\models\PatientsLabReport.php
C:\wamp64\www\afyaplus\models\PatientsLabReportGrid.php
C:\wamp64\www\afyaplus\models\PatientsLabReportList.php
C:\wamp64\www\afyaplus\models\PatientsLabReportView.php
C:\wamp64\www\afyaplus\models\PatientsList.php
C:\wamp64\www\afyaplus\models\PatientsRadiologyReports.php
C:\wamp64\www\afyaplus\models\PatientsRadiologyReportsDetails.php
C:\wamp64\www\afyaplus\models\PatientsRadiologyReportsDetailsGrid.php
C:\wamp64\www\afyaplus\models\PatientsRadiologyReportsDetailsList.php
C:\wamp64\www\afyaplus\models\PatientsRadiologyReportsGrid.php
C:\wamp64\www\afyaplus\models\PatientsRadiologyReportsList.php
C:\wamp64\www\afyaplus\models\PatientsRadiologyReportsView.php
C:\wamp64\www\afyaplus\models\PatientsView.php
C:\wamp64\www\afyaplus\models\PaymentMethods.php
C:\wamp64\www\afyaplus\models\PaymentMethodsAdd.php
C:\wamp64\www\afyaplus\models\PaymentMethodsDelete.php
C:\wamp64\www\afyaplus\models\PaymentMethodsEdit.php
C:\wamp64\www\afyaplus\models\PaymentMethodsList.php
C:\wamp64\www\afyaplus\models\PaymentMethodsView.php
C:\wamp64\www\afyaplus\models\PersonalData.php
C:\wamp64\www\afyaplus\models\PharmacyBillingReport.php
C:\wamp64\www\afyaplus\models\PharmacyBillingReportDetails.php
C:\wamp64\www\afyaplus\models\PharmacyBillingReportDetailsGrid.php
C:\wamp64\www\afyaplus\models\PharmacyBillingReportDetailsList.php
C:\wamp64\www\afyaplus\models\PharmacyBillingReportDetailsView.php
C:\wamp64\www\afyaplus\models\PharmacyBillingReportGrid.php
C:\wamp64\www\afyaplus\models\PharmacyBillingReportList.php
C:\wamp64\www\afyaplus\models\PharmacyBillingReportView.php
C:\wamp64\www\afyaplus\models\PharmacyOverview.php
C:\wamp64\www\afyaplus\models\PrescriptionDetails.php
C:\wamp64\www\afyaplus\models\PrescriptionDetailsAdd.php
C:\wamp64\www\afyaplus\models\PrescriptionDetailsDelete.php
C:\wamp64\www\afyaplus\models\PrescriptionDetailsEdit.php
C:\wamp64\www\afyaplus\models\PrescriptionDetailsGrid.php
C:\wamp64\www\afyaplus\models\PrescriptionDetailsList.php
C:\wamp64\www\afyaplus\models\PrescriptionDetailsView.php
C:\wamp64\www\afyaplus\models\Prescriptions.php
C:\wamp64\www\afyaplus\models\PrescriptionsAdd.php
C:\wamp64\www\afyaplus\models\PrescriptionsDelete.php
C:\wamp64\www\afyaplus\models\PrescriptionsEdit.php
C:\wamp64\www\afyaplus\models\PrescriptionsGrid.php
C:\wamp64\www\afyaplus\models\PrescriptionsList.php
C:\wamp64\www\afyaplus\models\PrescriptionsView.php
C:\wamp64\www\afyaplus\models\RadiologyBillingReport.php
C:\wamp64\www\afyaplus\models\RadiologyBillingReportDetails.php
C:\wamp64\www\afyaplus\models\RadiologyBillingReportDetailsGrid.php
C:\wamp64\www\afyaplus\models\RadiologyBillingReportDetailsList.php
C:\wamp64\www\afyaplus\models\RadiologyBillingReportGrid.php
C:\wamp64\www\afyaplus\models\RadiologyBillingReportList.php
C:\wamp64\www\afyaplus\models\RadiologyBillingReportView.php
C:\wamp64\www\afyaplus\models\RadiologyOverview.php
C:\wamp64\www\afyaplus\models\RadiologyReport.php
C:\wamp64\www\afyaplus\models\RadiologyReport2.php
C:\wamp64\www\afyaplus\models\RadiologyReport2List.php
C:\wamp64\www\afyaplus\models\RadiologyReportSummary.php
C:\wamp64\www\afyaplus\models\RadiologyReports.php
C:\wamp64\www\afyaplus\models\RadiologyReportsAdd.php
C:\wamp64\www\afyaplus\models\RadiologyReportsDelete.php
C:\wamp64\www\afyaplus\models\RadiologyReportsEdit.php
C:\wamp64\www\afyaplus\models\RadiologyReportsList.php
C:\wamp64\www\afyaplus\models\RadiologyReportsView.php
C:\wamp64\www\afyaplus\models\RadiologyRequests.php
C:\wamp64\www\afyaplus\models\RadiologyRequestsAdd.php
C:\wamp64\www\afyaplus\models\RadiologyRequestsDelete.php
C:\wamp64\www\afyaplus\models\RadiologyRequestsDetails.php
C:\wamp64\www\afyaplus\models\RadiologyRequestsDetailsAdd.php
C:\wamp64\www\afyaplus\models\RadiologyRequestsDetailsDelete.php
C:\wamp64\www\afyaplus\models\RadiologyRequestsDetailsEdit.php
C:\wamp64\www\afyaplus\models\RadiologyRequestsDetailsGrid.php
C:\wamp64\www\afyaplus\models\RadiologyRequestsDetailsList.php
C:\wamp64\www\afyaplus\models\RadiologyRequestsDetailsView.php
C:\wamp64\www\afyaplus\models\RadiologyRequestsEdit.php
C:\wamp64\www\afyaplus\models\RadiologyRequestsGrid.php
C:\wamp64\www\afyaplus\models\RadiologyRequestsList.php
C:\wamp64\www\afyaplus\models\RadiologyRequestsView.php
C:\wamp64\www\afyaplus\models\RegisteredPatients.php
C:\wamp64\www\afyaplus\models\RegisteredPatientsReport.php
C:\wamp64\www\afyaplus\models\RegisteredPatientsReportList.php
C:\wamp64\www\afyaplus\models\RegisteredPatientsSummary.php
C:\wamp64\www\afyaplus\models\ResetPassword.php
C:\wamp64\www\afyaplus\models\ServiceCategories.php
C:\wamp64\www\afyaplus\models\ServiceCategoriesAdd.php
C:\wamp64\www\afyaplus\models\ServiceCategoriesDelete.php
C:\wamp64\www\afyaplus\models\ServiceCategoriesEdit.php
C:\wamp64\www\afyaplus\models\ServiceCategoriesList.php
C:\wamp64\www\afyaplus\models\ServiceCategoriesView.php
C:\wamp64\www\afyaplus\models\ServiceCharges.php
C:\wamp64\www\afyaplus\models\ServiceChargesAdd.php
C:\wamp64\www\afyaplus\models\ServiceChargesDelete.php
C:\wamp64\www\afyaplus\models\ServiceChargesEdit.php
C:\wamp64\www\afyaplus\models\ServiceChargesList.php
C:\wamp64\www\afyaplus\models\ServiceChargesView.php
C:\wamp64\www\afyaplus\models\ServiceSubcategories.php
C:\wamp64\www\afyaplus\models\ServiceSubcategoriesAdd.php
C:\wamp64\www\afyaplus\models\ServiceSubcategoriesDelete.php
C:\wamp64\www\afyaplus\models\ServiceSubcategoriesEdit.php
C:\wamp64\www\afyaplus\models\ServiceSubcategoriesList.php
C:\wamp64\www\afyaplus\models\ServiceSubcategoriesView.php
C:\wamp64\www\afyaplus\models\Subscriptions.php
C:\wamp64\www\afyaplus\models\SubscriptionsAdd.php
C:\wamp64\www\afyaplus\models\SubscriptionsDelete.php
C:\wamp64\www\afyaplus\models\SubscriptionsEdit.php
C:\wamp64\www\afyaplus\models\SubscriptionsList.php
C:\wamp64\www\afyaplus\models\SubscriptionsView.php
C:\wamp64\www\afyaplus\models\TriageOverview.php
C:\wamp64\www\afyaplus\models\Users.php
C:\wamp64\www\afyaplus\models\UsersAdd.php
C:\wamp64\www\afyaplus\models\UsersDelete.php
C:\wamp64\www\afyaplus\models\UsersEdit.php
C:\wamp64\www\afyaplus\models\UsersList.php
C:\wamp64\www\afyaplus\models\UsersView.php
C:\wamp64\www\afyaplus\models\VaccinationsReport.php
C:\wamp64\www\afyaplus\models\VaccinationsReport3.php
C:\wamp64\www\afyaplus\models\VaccinationsReport3List.php
C:\wamp64\www\afyaplus\models\VaccinationsReportSummary.php
C:\wamp64\www\afyaplus\models\Vaccinationsreport2.php
C:\wamp64\www\afyaplus\models\Vaccinationsreport2List.php
C:\wamp64\www\afyaplus\models\VisitTypes.php
C:\wamp64\www\afyaplus\models\VisitTypesAdd.php
C:\wamp64\www\afyaplus\models\VisitTypesDelete.php
C:\wamp64\www\afyaplus\models\VisitTypesEdit.php
C:\wamp64\www\afyaplus\models\VisitTypesList.php
C:\wamp64\www\afyaplus\models\VisitTypesView.php
C:\wamp64\www\afyaplus\models\VisitsReport.php
C:\wamp64\www\afyaplus\models\VisitsReport1.php
C:\wamp64\www\afyaplus\models\VisitsReport1Summary.php
C:\wamp64\www\afyaplus\models\VisitsReportList.php
C:\wamp64\www\afyaplus\models\Vitalsreport.php
C:\wamp64\www\afyaplus\models\VitalsreportList.php
C:\wamp64\www\afyaplus\package.json
C:\wamp64\www\afyaplus\src\AbstractController.php
C:\wamp64\www\afyaplus\src\AbstractEntity.php
C:\wamp64\www\afyaplus\src\AbstractExport.php
C:\wamp64\www\afyaplus\src\AbstractExportBase.php
C:\wamp64\www\afyaplus\src\AbstractTwoFactorAuthentication.php
C:\wamp64\www\afyaplus\src\AdvancedFilter.php
C:\wamp64\www\afyaplus\src\AdvancedSearch.php
C:\wamp64\www\afyaplus\src\AdvancedSecurity.php
C:\wamp64\www\afyaplus\src\Allow.php
C:\wamp64\www\afyaplus\src\ApiActionEvent.php
C:\wamp64\www\afyaplus\src\ApiPermissionMiddleware.php
C:\wamp64\www\afyaplus\src\Attributes.php
C:\wamp64\www\afyaplus\src\Attributes\Delete.php
C:\wamp64\www\afyaplus\src\Attributes\Get.php
C:\wamp64\www\afyaplus\src\Attributes\Map.php
C:\wamp64\www\afyaplus\src\Attributes\Options.php
C:\wamp64\www\afyaplus\src\Attributes\Patch.php
C:\wamp64\www\afyaplus\src\Attributes\Post.php
C:\wamp64\www\afyaplus\src\Attributes\Put.php
C:\wamp64\www\afyaplus\src\AuditTrailHandler.php
C:\wamp64\www\afyaplus\src\AzureAD.php
C:\wamp64\www\afyaplus\src\BasicSearch.php
C:\wamp64\www\afyaplus\src\Breadcrumb.php
C:\wamp64\www\afyaplus\src\BytesType.php
C:\wamp64\www\afyaplus\src\CaptchaBase.php
C:\wamp64\www\afyaplus\src\CaptchaInterface.php
C:\wamp64\www\afyaplus\src\ChartExporter.php
C:\wamp64\www\afyaplus\src\ChartJsRenderer.php
C:\wamp64\www\afyaplus\src\ChartRendererInterface.php
C:\wamp64\www\afyaplus\src\ChartTypes.php
C:\wamp64\www\afyaplus\src\ConfigurationEvent.php
C:\wamp64\www\afyaplus\src\ContainerBuildEvent.php
C:\wamp64\www\afyaplus\src\CorsMiddleware.php
C:\wamp64\www\afyaplus\src\CrosstabColumn.php
C:\wamp64\www\afyaplus\src\CrosstabTable.php
C:\wamp64\www\afyaplus\src\CustomUploadHandler.php
C:\wamp64\www\afyaplus\src\DataType.php
C:\wamp64\www\afyaplus\src\DatabaseConnectedEvent.php
C:\wamp64\www\afyaplus\src\DatabaseConnectingEvent.php
C:\wamp64\www\afyaplus\src\DbChart.php
C:\wamp64\www\afyaplus\src\DbField.php
C:\wamp64\www\afyaplus\src\DbTable.php
C:\wamp64\www\afyaplus\src\DbTableBase.php
C:\wamp64\www\afyaplus\src\DebugSqlLogger.php
C:\wamp64\www\afyaplus\src\Email.php
C:\wamp64\www\afyaplus\src\EmailTwoFactorAuthentication.php
C:\wamp64\www\afyaplus\src\EntityDescriptor.php
C:\wamp64\www\afyaplus\src\Entity\AppointmentsReport.php
C:\wamp64\www\afyaplus\src\Entity\Branding.php
C:\wamp64\www\afyaplus\src\Entity\CashPayment.php
C:\wamp64\www\afyaplus\src\Entity\CashPaymentsReport.php
C:\wamp64\www\afyaplus\src\Entity\Department.php
C:\wamp64\www\afyaplus\src\Entity\Designation.php
C:\wamp64\www\afyaplus\src\Entity\Diagnosis.php
C:\wamp64\www\afyaplus\src\Entity\Disease.php
C:\wamp64\www\afyaplus\src\Entity\DoctorCharge.php
C:\wamp64\www\afyaplus\src\Entity\DoctorNote.php
C:\wamp64\www\afyaplus\src\Entity\Expense.php
C:\wamp64\www\afyaplus\src\Entity\ExpensesReport.php
C:\wamp64\www\afyaplus\src\Entity\Exportlog.php
C:\wamp64\www\afyaplus\src\Entity\Income.php
C:\wamp64\www\afyaplus\src\Entity\IncomeReport.php
C:\wamp64\www\afyaplus\src\Entity\Invoice.php
C:\wamp64\www\afyaplus\src\Entity\InvoiceDetail.php
C:\wamp64\www\afyaplus\src\Entity\InvoiceReport.php
C:\wamp64\www\afyaplus\src\Entity\InvoiceReportDetail.php
C:\wamp64\www\afyaplus\src\Entity\IpdPatient.php
C:\wamp64\www\afyaplus\src\Entity\LabTestReport.php
C:\wamp64\www\afyaplus\src\Entity\LabTestRequest.php
C:\wamp64\www\afyaplus\src\Entity\LabTestRequestsDetail.php
C:\wamp64\www\afyaplus\src\Entity\LaboratoryBillingReport.php
C:\wamp64\www\afyaplus\src\Entity\LaboratoryBillingReportDetail.php
C:\wamp64\www\afyaplus\src\Entity\LaboratoryMinorReport.php
C:\wamp64\www\afyaplus\src\Entity\LaboratoryReport.php
C:\wamp64\www\afyaplus\src\Entity\MedicalScheme.php
C:\wamp64\www\afyaplus\src\Entity\MedicineBrand.php
C:\wamp64\www\afyaplus\src\Entity\MedicineCategory.php
C:\wamp64\www\afyaplus\src\Entity\MedicineDispensation.php
C:\wamp64\www\afyaplus\src\Entity\MedicineDispensationDetail.php
C:\wamp64\www\afyaplus\src\Entity\MedicineStock.php
C:\wamp64\www\afyaplus\src\Entity\MedicineStockDatum.php
C:\wamp64\www\afyaplus\src\Entity\MedicineStockReport.php
C:\wamp64\www\afyaplus\src\Entity\MedicineSupplier.php
C:\wamp64\www\afyaplus\src\Entity\Module.php
C:\wamp64\www\afyaplus\src\Entity\Moh204AReport.php
C:\wamp64\www\afyaplus\src\Entity\Moh204BReport.php
C:\wamp64\www\afyaplus\src\Entity\Patient.php
C:\wamp64\www\afyaplus\src\Entity\PatientAppointment.php
C:\wamp64\www\afyaplus\src\Entity\PatientQueue.php
C:\wamp64\www\afyaplus\src\Entity\PatientVaccination.php
C:\wamp64\www\afyaplus\src\Entity\PatientVisit.php
C:\wamp64\www\afyaplus\src\Entity\PatientVital.php
C:\wamp64\www\afyaplus\src\Entity\PatientsDataView.php
C:\wamp64\www\afyaplus\src\Entity\PatientsDependant.php
C:\wamp64\www\afyaplus\src\Entity\PatientsLabReport.php
C:\wamp64\www\afyaplus\src\Entity\PatientsRadiologyReport.php
C:\wamp64\www\afyaplus\src\Entity\PatientsRadiologyReportsDetail.php
C:\wamp64\www\afyaplus\src\Entity\PaymentMethod.php
C:\wamp64\www\afyaplus\src\Entity\PharmacyBillingReport.php
C:\wamp64\www\afyaplus\src\Entity\PharmacyBillingReportDetail.php
C:\wamp64\www\afyaplus\src\Entity\Prescription.php
C:\wamp64\www\afyaplus\src\Entity\PrescriptionDetail.php
C:\wamp64\www\afyaplus\src\Entity\RadiologyBillingReport.php
C:\wamp64\www\afyaplus\src\Entity\RadiologyBillingReportDetail.php
C:\wamp64\www\afyaplus\src\Entity\RadiologyReport.php
C:\wamp64\www\afyaplus\src\Entity\RadiologyRequest.php
C:\wamp64\www\afyaplus\src\Entity\RadiologyRequestsDetail.php
C:\wamp64\www\afyaplus\src\Entity\RegisteredPatientsReport.php
C:\wamp64\www\afyaplus\src\Entity\ServiceCategory.php
C:\wamp64\www\afyaplus\src\Entity\ServiceCharge.php
C:\wamp64\www\afyaplus\src\Entity\ServiceSubcategory.php
C:\wamp64\www\afyaplus\src\Entity\Subscription.php
C:\wamp64\www\afyaplus\src\Entity\User.php
C:\wamp64\www\afyaplus\src\Entity\VaccinationsReport.php
C:\wamp64\www\afyaplus\src\Entity\Vaccinationsreport.php
C:\wamp64\www\afyaplus\src\Entity\VisitType.php
C:\wamp64\www\afyaplus\src\Entity\VisitsReport.php
C:\wamp64\www\afyaplus\src\Entity\Vitalsreport.php
C:\wamp64\www\afyaplus\src\Entity\_InvoiceReport.php
C:\wamp64\www\afyaplus\src\Entity\_RadiologyReport.php
C:\wamp64\www\afyaplus\src\ExportCsv.php
C:\wamp64\www\afyaplus\src\ExportEmail.php
C:\wamp64\www\afyaplus\src\ExportExcel.php
C:\wamp64\www\afyaplus\src\ExportHandler.php
C:\wamp64\www\afyaplus\src\ExportHtml.php
C:\wamp64\www\afyaplus\src\ExportJson.php
C:\wamp64\www\afyaplus\src\ExportPdf.php
C:\wamp64\www\afyaplus\src\ExportWord.php
C:\wamp64\www\afyaplus\src\ExportXml.php
C:\wamp64\www\afyaplus\src\FileUploadHandler.php
C:\wamp64\www\afyaplus\src\FileViewer.php
C:\wamp64\www\afyaplus\src\ForceLogoutUserAction.php
C:\wamp64\www\afyaplus\src\GeographyType.php
C:\wamp64\www\afyaplus\src\GeometryType.php
C:\wamp64\www\afyaplus\src\HierarchyIdType.php
C:\wamp64\www\afyaplus\src\HttpErrorHandler.php
C:\wamp64\www\afyaplus\src\HttpForm.php
C:\wamp64\www\afyaplus\src\HttpServiceUnavailableException.php
C:\wamp64\www\afyaplus\src\HttpSession.php
C:\wamp64\www\afyaplus\src\HttpUpload.php
C:\wamp64\www\afyaplus\src\JwtMiddleware.php
C:\wamp64\www\afyaplus\src\Language.php
C:\wamp64\www\afyaplus\src\LanguageLoadEvent.php
C:\wamp64\www\afyaplus\src\LaravelSessionMiddleware.php
C:\wamp64\www\afyaplus\src\LdapConn.php
C:\wamp64\www\afyaplus\src\ListAction.php
C:\wamp64\www\afyaplus\src\ListActions.php
C:\wamp64\www\afyaplus\src\ListOption.php
C:\wamp64\www\afyaplus\src\ListOptions.php
C:\wamp64\www\afyaplus\src\ListOptionsArray.php
C:\wamp64\www\afyaplus\src\LoginStatusEvent.php
C:\wamp64\www\afyaplus\src\Lookup.php
C:\wamp64\www\afyaplus\src\MaintenanceMiddleware.php
C:\wamp64\www\afyaplus\src\Menu.php
C:\wamp64\www\afyaplus\src\MenuItem.php
C:\wamp64\www\afyaplus\src\MenuItemAddingEvent.php
C:\wamp64\www\afyaplus\src\MenuRenderedEvent.php
C:\wamp64\www\afyaplus\src\MenuRenderingEvent.php
C:\wamp64\www\afyaplus\src\MessagesTrait.php
C:\wamp64\www\afyaplus\src\NumericPager.php
C:\wamp64\www\afyaplus\src\OptionValues.php
C:\wamp64\www\afyaplus\src\PageLoadingEvent.php
C:\wamp64\www\afyaplus\src\PageRenderingEvent.php
C:\wamp64\www\afyaplus\src\PageUnloadedEvent.php
C:\wamp64\www\afyaplus\src\Pager.php
C:\wamp64\www\afyaplus\src\PagerItem.php
C:\wamp64\www\afyaplus\src\PasswordHash.php
C:\wamp64\www\afyaplus\src\PermissionMiddleware.php
C:\wamp64\www\afyaplus\src\PhpEncryption.php
C:\wamp64\www\afyaplus\src\PragmaRxTwoFactorAuthentication.php
C:\wamp64\www\afyaplus\src\PrevNextPager.php
C:\wamp64\www\afyaplus\src\PushNotification.php
C:\wamp64\www\afyaplus\src\ReportField.php
C:\wamp64\www\afyaplus\src\ReportTable.php
C:\wamp64\www\afyaplus\src\ResendRegisterEmailAction.php
C:\wamp64\www\afyaplus\src\ResetConcurrentUserAction.php
C:\wamp64\www\afyaplus\src\ResetLoginRetryAction.php
C:\wamp64\www\afyaplus\src\ResetUserSecretAction.php
C:\wamp64\www\afyaplus\src\RouteActionEvent.php
C:\wamp64\www\afyaplus\src\RouteAttributes.php
C:\wamp64\www\afyaplus\src\RowSummary.php
C:\wamp64\www\afyaplus\src\RowTotal.php
C:\wamp64\www\afyaplus\src\RowType.php
C:\wamp64\www\afyaplus\src\Saml2.php
C:\wamp64\www\afyaplus\src\SessionHandler.php
C:\wamp64\www\afyaplus\src\SetPasswordExpiredAction.php
C:\wamp64\www\afyaplus\src\Sms.php
C:\wamp64\www\afyaplus\src\SmsTwoFactorAuthentication.php
C:\wamp64\www\afyaplus\src\SsoStateSessionStore.php
C:\wamp64\www\afyaplus\src\SubPage.php
C:\wamp64\www\afyaplus\src\SubPages.php
C:\wamp64\www\afyaplus\src\SummaryField.php
C:\wamp64\www\afyaplus\src\Timer.php
C:\wamp64\www\afyaplus\src\TwoFactorAuthenticationInterface.php
C:\wamp64\www\afyaplus\src\UploadHandler.php
C:\wamp64\www\afyaplus\src\UserProfile.php
C:\wamp64\www\afyaplus\src\XmlDocument.php
C:\wamp64\www\afyaplus\src\apiroutes.php
C:\wamp64\www\afyaplus\src\config.development.php
C:\wamp64\www\afyaplus\src\config.php
C:\wamp64\www\afyaplus\src\config.production.php
C:\wamp64\www\afyaplus\src\constants.php
C:\wamp64\www\afyaplus\src\definitions.php
C:\wamp64\www\afyaplus\src\phpfn.php
C:\wamp64\www\afyaplus\src\routes.php
C:\wamp64\www\afyaplus\src\userfn.php
C:\wamp64\www\afyaplus\src\userlevelsettings.php
C:\wamp64\www\afyaplus\sw.js
C:\wamp64\www\afyaplus\views\AppointmentsAdd.php
C:\wamp64\www\afyaplus\views\AppointmentsCalendar.php
C:\wamp64\www\afyaplus\views\AppointmentsDelete.php
C:\wamp64\www\afyaplus\views\AppointmentsEdit.php
C:\wamp64\www\afyaplus\views\AppointmentsReport2List.php
C:\wamp64\www\afyaplus\views\AppointmentsReportSummary.php
C:\wamp64\www\afyaplus\views\AppointmentsView.php
C:\wamp64\www\afyaplus\views\BrandingDelete.php
C:\wamp64\www\afyaplus\views\BrandingEdit.php
C:\wamp64\www\afyaplus\views\BrandingList.php
C:\wamp64\www\afyaplus\views\BrandingView.php
C:\wamp64\www\afyaplus\views\CashPaymentsAdd.php
C:\wamp64\www\afyaplus\views\CashPaymentsDelete.php
C:\wamp64\www\afyaplus\views\CashPaymentsEdit.php
C:\wamp64\www\afyaplus\views\CashPaymentsGrid.php
C:\wamp64\www\afyaplus\views\CashPaymentsList.php
C:\wamp64\www\afyaplus\views\CashPaymentsReportList.php
C:\wamp64\www\afyaplus\views\CashPaymentsView.php
C:\wamp64\www\afyaplus\views\ChangePassword.php
C:\wamp64\www\afyaplus\views\DepartmentsAdd.php
C:\wamp64\www\afyaplus\views\DepartmentsDelete.php
C:\wamp64\www\afyaplus\views\DepartmentsEdit.php
C:\wamp64\www\afyaplus\views\DepartmentsList.php
C:\wamp64\www\afyaplus\views\DepartmentsView.php
C:\wamp64\www\afyaplus\views\DesignationsAdd.php
C:\wamp64\www\afyaplus\views\DesignationsDelete.php
C:\wamp64\www\afyaplus\views\DesignationsEdit.php
C:\wamp64\www\afyaplus\views\DesignationsList.php
C:\wamp64\www\afyaplus\views\DesignationsView.php
C:\wamp64\www\afyaplus\views\DiagnosisAdd.php
C:\wamp64\www\afyaplus\views\DiagnosisDelete.php
C:\wamp64\www\afyaplus\views\DiagnosisEdit.php
C:\wamp64\www\afyaplus\views\DiagnosisList.php
C:\wamp64\www\afyaplus\views\DiagnosisView.php
C:\wamp64\www\afyaplus\views\DiseasesDelete.php
C:\wamp64\www\afyaplus\views\DiseasesEdit.php
C:\wamp64\www\afyaplus\views\DiseasesList.php
C:\wamp64\www\afyaplus\views\DiseasesView.php
C:\wamp64\www\afyaplus\views\DoctorChargesAdd.php
C:\wamp64\www\afyaplus\views\DoctorChargesDelete.php
C:\wamp64\www\afyaplus\views\DoctorChargesEdit.php
C:\wamp64\www\afyaplus\views\DoctorChargesList.php
C:\wamp64\www\afyaplus\views\DoctorChargesView.php
C:\wamp64\www\afyaplus\views\DoctorNotesAdd.php
C:\wamp64\www\afyaplus\views\DoctorNotesDelete.php
C:\wamp64\www\afyaplus\views\DoctorNotesEdit.php
C:\wamp64\www\afyaplus\views\DoctorNotesGrid.php
C:\wamp64\www\afyaplus\views\DoctorNotesList.php
C:\wamp64\www\afyaplus\views\DoctorNotesView.php
C:\wamp64\www\afyaplus\views\DoctorOverview.php
C:\wamp64\www\afyaplus\views\Error.php
C:\wamp64\www\afyaplus\views\ExpensesAdd.php
C:\wamp64\www\afyaplus\views\ExpensesDelete.php
C:\wamp64\www\afyaplus\views\ExpensesEdit.php
C:\wamp64\www\afyaplus\views\ExpensesList.php
C:\wamp64\www\afyaplus\views\ExpensesReport2List.php
C:\wamp64\www\afyaplus\views\ExpensesReportSummary.php
C:\wamp64\www\afyaplus\views\ExpensesView.php
C:\wamp64\www\afyaplus\views\ExportlogDelete.php
C:\wamp64\www\afyaplus\views\ExportlogEdit.php
C:\wamp64\www\afyaplus\views\ExportlogList.php
C:\wamp64\www\afyaplus\views\ExportlogView.php
C:\wamp64\www\afyaplus\views\FacilityOverview.php
C:\wamp64\www\afyaplus\views\FinancialsOverview.php
C:\wamp64\www\afyaplus\views\FrontOfficeOverview.php
C:\wamp64\www\afyaplus\views\IncomeAdd.php
C:\wamp64\www\afyaplus\views\IncomeDelete.php
C:\wamp64\www\afyaplus\views\IncomeEdit.php
C:\wamp64\www\afyaplus\views\IncomeList.php
C:\wamp64\www\afyaplus\views\IncomeReport2List.php
C:\wamp64\www\afyaplus\views\IncomeReportSummary.php
C:\wamp64\www\afyaplus\views\IncomeView.php
C:\wamp64\www\afyaplus\views\InvoiceDetailsAdd.php
C:\wamp64\www\afyaplus\views\InvoiceDetailsDelete.php
C:\wamp64\www\afyaplus\views\InvoiceDetailsEdit.php
C:\wamp64\www\afyaplus\views\InvoiceDetailsGrid.php
C:\wamp64\www\afyaplus\views\InvoiceDetailsList.php
C:\wamp64\www\afyaplus\views\InvoiceDetailsView.php
C:\wamp64\www\afyaplus\views\InvoiceReportDetailsGrid.php
C:\wamp64\www\afyaplus\views\InvoiceReportDetailsList.php
C:\wamp64\www\afyaplus\views\InvoiceReportList.php
C:\wamp64\www\afyaplus\views\InvoiceReportMaster.php
C:\wamp64\www\afyaplus\views\InvoiceReportView.php
C:\wamp64\www\afyaplus\views\InvoiceReportsList.php
C:\wamp64\www\afyaplus\views\InvoicesAdd.php
C:\wamp64\www\afyaplus\views\InvoicesDelete.php
C:\wamp64\www\afyaplus\views\InvoicesEdit.php
C:\wamp64\www\afyaplus\views\InvoicesGrid.php
C:\wamp64\www\afyaplus\views\InvoicesList.php
C:\wamp64\www\afyaplus\views\InvoicesMaster.php
C:\wamp64\www\afyaplus\views\InvoicesView.php
C:\wamp64\www\afyaplus\views\IpdPatientsEdit.php
C:\wamp64\www\afyaplus\views\IpdPatientsList.php
C:\wamp64\www\afyaplus\views\LabTestReportsAdd.php
C:\wamp64\www\afyaplus\views\LabTestReportsDelete.php
C:\wamp64\www\afyaplus\views\LabTestReportsEdit.php
C:\wamp64\www\afyaplus\views\LabTestReportsList.php
C:\wamp64\www\afyaplus\views\LabTestReportsView.php
C:\wamp64\www\afyaplus\views\LabTestRequestsAdd.php
C:\wamp64\www\afyaplus\views\LabTestRequestsDelete.php
C:\wamp64\www\afyaplus\views\LabTestRequestsDetailsAdd.php
C:\wamp64\www\afyaplus\views\LabTestRequestsDetailsDelete.php
C:\wamp64\www\afyaplus\views\LabTestRequestsDetailsEdit.php
C:\wamp64\www\afyaplus\views\LabTestRequestsDetailsGrid.php
C:\wamp64\www\afyaplus\views\LabTestRequestsDetailsList.php
C:\wamp64\www\afyaplus\views\LabTestRequestsDetailsView.php
C:\wamp64\www\afyaplus\views\LabTestRequestsEdit.php
C:\wamp64\www\afyaplus\views\LabTestRequestsGrid.php
C:\wamp64\www\afyaplus\views\LabTestRequestsList.php
C:\wamp64\www\afyaplus\views\LabTestRequestsMaster.php
C:\wamp64\www\afyaplus\views\LabTestRequestsView.php
C:\wamp64\www\afyaplus\views\LaboratoryBillingReportDetailsGrid.php
C:\wamp64\www\afyaplus\views\LaboratoryBillingReportDetailsList.php
C:\wamp64\www\afyaplus\views\LaboratoryBillingReportGrid.php
C:\wamp64\www\afyaplus\views\LaboratoryBillingReportList.php
C:\wamp64\www\afyaplus\views\LaboratoryBillingReportMaster.php
C:\wamp64\www\afyaplus\views\LaboratoryBillingReportSearch.php
C:\wamp64\www\afyaplus\views\LaboratoryBillingReportView.php
C:\wamp64\www\afyaplus\views\LaboratoryMinorReportList.php
C:\wamp64\www\afyaplus\views\LaboratoryOverview.php
C:\wamp64\www\afyaplus\views\LaboratoryReports2List.php
C:\wamp64\www\afyaplus\views\LaboratoryReportsSummary.php
C:\wamp64\www\afyaplus\views\Login.php
C:\wamp64\www\afyaplus\views\MedicalSchemesAdd.php
C:\wamp64\www\afyaplus\views\MedicalSchemesDelete.php
C:\wamp64\www\afyaplus\views\MedicalSchemesEdit.php
C:\wamp64\www\afyaplus\views\MedicalSchemesList.php
C:\wamp64\www\afyaplus\views\MedicalSchemesView.php
C:\wamp64\www\afyaplus\views\MedicineBrandsAdd.php
C:\wamp64\www\afyaplus\views\MedicineBrandsDelete.php
C:\wamp64\www\afyaplus\views\MedicineBrandsEdit.php
C:\wamp64\www\afyaplus\views\MedicineBrandsList.php
C:\wamp64\www\afyaplus\views\MedicineBrandsView.php
C:\wamp64\www\afyaplus\views\MedicineCategoriesAdd.php
C:\wamp64\www\afyaplus\views\MedicineCategoriesDelete.php
C:\wamp64\www\afyaplus\views\MedicineCategoriesEdit.php
C:\wamp64\www\afyaplus\views\MedicineCategoriesList.php
C:\wamp64\www\afyaplus\views\MedicineCategoriesView.php
C:\wamp64\www\afyaplus\views\MedicineDispensationAdd.php
C:\wamp64\www\afyaplus\views\MedicineDispensationDelete.php
C:\wamp64\www\afyaplus\views\MedicineDispensationDetailsAdd.php
C:\wamp64\www\afyaplus\views\MedicineDispensationDetailsDelete.php
C:\wamp64\www\afyaplus\views\MedicineDispensationDetailsEdit.php
C:\wamp64\www\afyaplus\views\MedicineDispensationDetailsGrid.php
C:\wamp64\www\afyaplus\views\MedicineDispensationDetailsList.php
C:\wamp64\www\afyaplus\views\MedicineDispensationDetailsView.php
C:\wamp64\www\afyaplus\views\MedicineDispensationEdit.php
C:\wamp64\www\afyaplus\views\MedicineDispensationGrid.php
C:\wamp64\www\afyaplus\views\MedicineDispensationList.php
C:\wamp64\www\afyaplus\views\MedicineDispensationMaster.php
C:\wamp64\www\afyaplus\views\MedicineDispensationView.php
C:\wamp64\www\afyaplus\views\MedicineStockAdd.php
C:\wamp64\www\afyaplus\views\MedicineStockDataList.php
C:\wamp64\www\afyaplus\views\MedicineStockDelete.php
C:\wamp64\www\afyaplus\views\MedicineStockEdit.php
C:\wamp64\www\afyaplus\views\MedicineStockList.php
C:\wamp64\www\afyaplus\views\MedicineStockReport2List.php
C:\wamp64\www\afyaplus\views\MedicineStockReportSummary.php
C:\wamp64\www\afyaplus\views\MedicineStockView.php
C:\wamp64\www\afyaplus\views\MedicineSuppliersAdd.php
C:\wamp64\www\afyaplus\views\MedicineSuppliersDelete.php
C:\wamp64\www\afyaplus\views\MedicineSuppliersEdit.php
C:\wamp64\www\afyaplus\views\MedicineSuppliersList.php
C:\wamp64\www\afyaplus\views\MedicineSuppliersView.php
C:\wamp64\www\afyaplus\views\ModulesAdd.php
C:\wamp64\www\afyaplus\views\ModulesDelete.php
C:\wamp64\www\afyaplus\views\ModulesEdit.php
C:\wamp64\www\afyaplus\views\ModulesList.php
C:\wamp64\www\afyaplus\views\ModulesView.php
C:\wamp64\www\afyaplus\views\Moh204aReportList.php
C:\wamp64\www\afyaplus\views\Moh204bReportList.php
C:\wamp64\www\afyaplus\views\PatientAppointmentsAdd.php
C:\wamp64\www\afyaplus\views\PatientAppointmentsDelete.php
C:\wamp64\www\afyaplus\views\PatientAppointmentsEdit.php
C:\wamp64\www\afyaplus\views\PatientAppointmentsGrid.php
C:\wamp64\www\afyaplus\views\PatientAppointmentsList.php
C:\wamp64\www\afyaplus\views\PatientAppointmentsView.php
C:\wamp64\www\afyaplus\views\PatientQueueAdd.php
C:\wamp64\www\afyaplus\views\PatientQueueDelete.php
C:\wamp64\www\afyaplus\views\PatientQueueEdit.php
C:\wamp64\www\afyaplus\views\PatientQueueGrid.php
C:\wamp64\www\afyaplus\views\PatientQueueList.php
C:\wamp64\www\afyaplus\views\PatientQueueView.php
C:\wamp64\www\afyaplus\views\PatientVaccinationsAdd.php
C:\wamp64\www\afyaplus\views\PatientVaccinationsDelete.php
C:\wamp64\www\afyaplus\views\PatientVaccinationsEdit.php
C:\wamp64\www\afyaplus\views\PatientVaccinationsGrid.php
C:\wamp64\www\afyaplus\views\PatientVaccinationsList.php
C:\wamp64\www\afyaplus\views\PatientVaccinationsView.php
C:\wamp64\www\afyaplus\views\PatientVisitsAdd.php
C:\wamp64\www\afyaplus\views\PatientVisitsDelete.php
C:\wamp64\www\afyaplus\views\PatientVisitsEdit.php
C:\wamp64\www\afyaplus\views\PatientVisitsGrid.php
C:\wamp64\www\afyaplus\views\PatientVisitsList.php
C:\wamp64\www\afyaplus\views\PatientVisitsMaster.php
C:\wamp64\www\afyaplus\views\PatientVisitsSearch.php
C:\wamp64\www\afyaplus\views\PatientVisitsView.php
C:\wamp64\www\afyaplus\views\PatientVitalsAdd.php
C:\wamp64\www\afyaplus\views\PatientVitalsDelete.php
C:\wamp64\www\afyaplus\views\PatientVitalsEdit.php
C:\wamp64\www\afyaplus\views\PatientVitalsGrid.php
C:\wamp64\www\afyaplus\views\PatientVitalsList.php
C:\wamp64\www\afyaplus\views\PatientVitalsView.php
C:\wamp64\www\afyaplus\views\PatientsAdd.php
C:\wamp64\www\afyaplus\views\PatientsDataViewList.php
C:\wamp64\www\afyaplus\views\PatientsDelete.php
C:\wamp64\www\afyaplus\views\PatientsDependantsAdd.php
C:\wamp64\www\afyaplus\views\PatientsDependantsDelete.php
C:\wamp64\www\afyaplus\views\PatientsDependantsEdit.php
C:\wamp64\www\afyaplus\views\PatientsDependantsGrid.php
C:\wamp64\www\afyaplus\views\PatientsDependantsList.php
C:\wamp64\www\afyaplus\views\PatientsDependantsView.php
C:\wamp64\www\afyaplus\views\PatientsEdit.php
C:\wamp64\www\afyaplus\views\PatientsLabReportGrid.php
C:\wamp64\www\afyaplus\views\PatientsLabReportList.php
C:\wamp64\www\afyaplus\views\PatientsLabReportView.php
C:\wamp64\www\afyaplus\views\PatientsList.php
C:\wamp64\www\afyaplus\views\PatientsMaster.php
C:\wamp64\www\afyaplus\views\PatientsRadiologyReportsDetailsGrid.php
C:\wamp64\www\afyaplus\views\PatientsRadiologyReportsDetailsList.php
C:\wamp64\www\afyaplus\views\PatientsRadiologyReportsGrid.php
C:\wamp64\www\afyaplus\views\PatientsRadiologyReportsList.php
C:\wamp64\www\afyaplus\views\PatientsRadiologyReportsMaster.php
C:\wamp64\www\afyaplus\views\PatientsRadiologyReportsView.php
C:\wamp64\www\afyaplus\views\PatientsView.php
C:\wamp64\www\afyaplus\views\PaymentMethodsAdd.php
C:\wamp64\www\afyaplus\views\PaymentMethodsDelete.php
C:\wamp64\www\afyaplus\views\PaymentMethodsEdit.php
C:\wamp64\www\afyaplus\views\PaymentMethodsList.php
C:\wamp64\www\afyaplus\views\PaymentMethodsView.php
C:\wamp64\www\afyaplus\views\PersonalData.php
C:\wamp64\www\afyaplus\views\PharmacyBillingReportDetailsGrid.php
C:\wamp64\www\afyaplus\views\PharmacyBillingReportDetailsList.php
C:\wamp64\www\afyaplus\views\PharmacyBillingReportDetailsView.php
C:\wamp64\www\afyaplus\views\PharmacyBillingReportGrid.php
C:\wamp64\www\afyaplus\views\PharmacyBillingReportList.php
C:\wamp64\www\afyaplus\views\PharmacyBillingReportMaster.php
C:\wamp64\www\afyaplus\views\PharmacyBillingReportView.php
C:\wamp64\www\afyaplus\views\PharmacyOverview.php
C:\wamp64\www\afyaplus\views\PrescriptionDetailsAdd.php
C:\wamp64\www\afyaplus\views\PrescriptionDetailsDelete.php
C:\wamp64\www\afyaplus\views\PrescriptionDetailsEdit.php
C:\wamp64\www\afyaplus\views\PrescriptionDetailsGrid.php
C:\wamp64\www\afyaplus\views\PrescriptionDetailsList.php
C:\wamp64\www\afyaplus\views\PrescriptionDetailsView.php
C:\wamp64\www\afyaplus\views\PrescriptionsAdd.php
C:\wamp64\www\afyaplus\views\PrescriptionsDelete.php
C:\wamp64\www\afyaplus\views\PrescriptionsEdit.php
C:\wamp64\www\afyaplus\views\PrescriptionsGrid.php
C:\wamp64\www\afyaplus\views\PrescriptionsList.php
C:\wamp64\www\afyaplus\views\PrescriptionsMaster.php
C:\wamp64\www\afyaplus\views\PrescriptionsView.php
C:\wamp64\www\afyaplus\views\RadiologyBillingReportDetailsGrid.php
C:\wamp64\www\afyaplus\views\RadiologyBillingReportDetailsList.php
C:\wamp64\www\afyaplus\views\RadiologyBillingReportGrid.php
C:\wamp64\www\afyaplus\views\RadiologyBillingReportList.php
C:\wamp64\www\afyaplus\views\RadiologyBillingReportMaster.php
C:\wamp64\www\afyaplus\views\RadiologyBillingReportView.php
C:\wamp64\www\afyaplus\views\RadiologyOverview.php
C:\wamp64\www\afyaplus\views\RadiologyReport2List.php
C:\wamp64\www\afyaplus\views\RadiologyReportSummary.php
C:\wamp64\www\afyaplus\views\RadiologyReportsAdd.php
C:\wamp64\www\afyaplus\views\RadiologyReportsDelete.php
C:\wamp64\www\afyaplus\views\RadiologyReportsEdit.php
C:\wamp64\www\afyaplus\views\RadiologyReportsList.php
C:\wamp64\www\afyaplus\views\RadiologyReportsView.php
C:\wamp64\www\afyaplus\views\RadiologyRequestsAdd.php
C:\wamp64\www\afyaplus\views\RadiologyRequestsDelete.php
C:\wamp64\www\afyaplus\views\RadiologyRequestsDetailsAdd.php
C:\wamp64\www\afyaplus\views\RadiologyRequestsDetailsDelete.php
C:\wamp64\www\afyaplus\views\RadiologyRequestsDetailsEdit.php
C:\wamp64\www\afyaplus\views\RadiologyRequestsDetailsGrid.php
C:\wamp64\www\afyaplus\views\RadiologyRequestsDetailsList.php
C:\wamp64\www\afyaplus\views\RadiologyRequestsDetailsView.php
C:\wamp64\www\afyaplus\views\RadiologyRequestsEdit.php
C:\wamp64\www\afyaplus\views\RadiologyRequestsGrid.php
C:\wamp64\www\afyaplus\views\RadiologyRequestsList.php
C:\wamp64\www\afyaplus\views\RadiologyRequestsMaster.php
C:\wamp64\www\afyaplus\views\RadiologyRequestsView.php
C:\wamp64\www\afyaplus\views\RegisteredPatientsReportList.php
C:\wamp64\www\afyaplus\views\RegisteredPatientsSummary.php
C:\wamp64\www\afyaplus\views\ResetPassword.php
C:\wamp64\www\afyaplus\views\ServiceCategoriesAdd.php
C:\wamp64\www\afyaplus\views\ServiceCategoriesDelete.php
C:\wamp64\www\afyaplus\views\ServiceCategoriesEdit.php
C:\wamp64\www\afyaplus\views\ServiceCategoriesList.php
C:\wamp64\www\afyaplus\views\ServiceCategoriesView.php
C:\wamp64\www\afyaplus\views\ServiceChargesAdd.php
C:\wamp64\www\afyaplus\views\ServiceChargesDelete.php
C:\wamp64\www\afyaplus\views\ServiceChargesEdit.php
C:\wamp64\www\afyaplus\views\ServiceChargesList.php
C:\wamp64\www\afyaplus\views\ServiceChargesView.php
C:\wamp64\www\afyaplus\views\ServiceSubcategoriesAdd.php
C:\wamp64\www\afyaplus\views\ServiceSubcategoriesDelete.php
C:\wamp64\www\afyaplus\views\ServiceSubcategoriesEdit.php
C:\wamp64\www\afyaplus\views\ServiceSubcategoriesList.php
C:\wamp64\www\afyaplus\views\ServiceSubcategoriesView.php
C:\wamp64\www\afyaplus\views\SubscriptionsAdd.php
C:\wamp64\www\afyaplus\views\SubscriptionsDelete.php
C:\wamp64\www\afyaplus\views\SubscriptionsEdit.php
C:\wamp64\www\afyaplus\views\SubscriptionsList.php
C:\wamp64\www\afyaplus\views\SubscriptionsView.php
C:\wamp64\www\afyaplus\views\TriageOverview.php
C:\wamp64\www\afyaplus\views\UsersAdd.php
C:\wamp64\www\afyaplus\views\UsersDelete.php
C:\wamp64\www\afyaplus\views\UsersEdit.php
C:\wamp64\www\afyaplus\views\UsersList.php
C:\wamp64\www\afyaplus\views\UsersView.php
C:\wamp64\www\afyaplus\views\VaccinationsReport3List.php
C:\wamp64\www\afyaplus\views\VaccinationsReportSummary.php
C:\wamp64\www\afyaplus\views\Vaccinationsreport2List.php
C:\wamp64\www\afyaplus\views\VisitTypesAdd.php
C:\wamp64\www\afyaplus\views\VisitTypesDelete.php
C:\wamp64\www\afyaplus\views\VisitTypesEdit.php
C:\wamp64\www\afyaplus\views\VisitTypesList.php
C:\wamp64\www\afyaplus\views\VisitTypesView.php
C:\wamp64\www\afyaplus\views\VisitsReport1Summary.php
C:\wamp64\www\afyaplus\views\VisitsReportList.php
C:\wamp64\www\afyaplus\views\VitalsreportList.php
C:\wamp64\www\afyaplus\views\email.php
C:\wamp64\www\afyaplus\views\layout.php
C:\wamp64\www\afyaplus\views\menu.php
C:\wamp64\www\afyaplus\views\pushnotification.php
C:\wamp64\www\afyaplus\views\swagger.php
C:\wamp64\www\afyaplus\web.config